{"/Users/yulia/Documents/take-home-assignments/mytheresa/Frontend_UI_Challenge/src/App.jsx": {"path":"/Users/yulia/Documents/take-home-assignments/mytheresa/Frontend_UI_Challenge/src/App.jsx","statementMap":{"0":{"start":{"line":9,"column":15},"end":{"line":24,"column":2}},"1":{"start":{"line":26,"column":12},"end":{"line":33,"column":1}},"2":{"start":{"line":28,"column":2},"end":{"line":32,"column":4}}},"fnMap":{"0":{"name":"(anonymous_0)","decl":{"start":{"line":26,"column":12},"end":{"line":26,"column":13}},"loc":{"start":{"line":26,"column":18},"end":{"line":33,"column":1}},"line":26}},"branchMap":{},"s":{"0":1,"1":1,"2":2},"f":{"0":2},"b":{},"_coverageSchema":"1a1c01bbd47fc00a2c39e90264f33305004495a9","hash":"e51dc70d70be91241511d6ce5bbb07bdbaad481f"}
,"/Users/yulia/Documents/take-home-assignments/mytheresa/Frontend_UI_Challenge/src/components/CustomButton/CustomButton.jsx": {"path":"/Users/yulia/Documents/take-home-assignments/mytheresa/Frontend_UI_Challenge/src/components/CustomButton/CustomButton.jsx","statementMap":{"0":{"start":{"line":5,"column":4},"end":{"line":7,"column":6}}},"fnMap":{"0":{"name":"CustomButton","decl":{"start":{"line":4,"column":24},"end":{"line":4,"column":36}},"loc":{"start":{"line":4,"column":61},"end":{"line":8,"column":1}},"line":4}},"branchMap":{},"s":{"0":25},"f":{"0":25},"b":{},"_coverageSchema":"1a1c01bbd47fc00a2c39e90264f33305004495a9","hash":"be5fbaee01f75fd6eab0df995070115e16fcf866"}
,"/Users/yulia/Documents/take-home-assignments/mytheresa/Frontend_UI_Challenge/src/components/Header/Header.jsx": {"path":"/Users/yulia/Documents/take-home-assignments/mytheresa/Frontend_UI_Challenge/src/components/Header/Header.jsx","statementMap":{"0":{"start":{"line":9,"column":32},"end":{"line":9,"column":49}},"1":{"start":{"line":11,"column":4},"end":{"line":18,"column":6}},"2":{"start":{"line":13,"column":38},"end":{"line":13,"column":62}},"3":{"start":{"line":16,"column":39},"end":{"line":16,"column":62}}},"fnMap":{"0":{"name":"Header","decl":{"start":{"line":7,"column":24},"end":{"line":7,"column":30}},"loc":{"start":{"line":7,"column":33},"end":{"line":19,"column":1}},"line":7},"1":{"name":"(anonymous_1)","decl":{"start":{"line":13,"column":34},"end":{"line":13,"column":35}},"loc":{"start":{"line":13,"column":38},"end":{"line":13,"column":62}},"line":13},"2":{"name":"(anonymous_2)","decl":{"start":{"line":16,"column":35},"end":{"line":16,"column":36}},"loc":{"start":{"line":16,"column":39},"end":{"line":16,"column":62}},"line":16}},"branchMap":{},"s":{"0":13,"1":13,"2":2,"3":2},"f":{"0":13,"1":2,"2":2},"b":{},"_coverageSchema":"1a1c01bbd47fc00a2c39e90264f33305004495a9","hash":"26fb194da9ba5d896c039254ed34ab3c1539d67f"}
,"/Users/yulia/Documents/take-home-assignments/mytheresa/Frontend_UI_Challenge/src/components/ItemCard/ItemCard.jsx": {"path":"/Users/yulia/Documents/take-home-assignments/mytheresa/Frontend_UI_Challenge/src/components/ItemCard/ItemCard.jsx","statementMap":{"0":{"start":{"line":9,"column":26},"end":{"line":9,"column":43}},"1":{"start":{"line":11,"column":4},"end":{"line":23,"column":6}},"2":{"start":{"line":13,"column":71},"end":{"line":13,"column":92}}},"fnMap":{"0":{"name":"ItemCard","decl":{"start":{"line":7,"column":24},"end":{"line":7,"column":32}},"loc":{"start":{"line":7,"column":52},"end":{"line":24,"column":1}},"line":7},"1":{"name":"(anonymous_1)","decl":{"start":{"line":13,"column":65},"end":{"line":13,"column":66}},"loc":{"start":{"line":13,"column":71},"end":{"line":13,"column":92}},"line":13}},"branchMap":{"0":{"loc":{"start":{"line":16,"column":24},"end":{"line":16,"column":111}},"type":"cond-expr","locations":[{"start":{"line":16,"column":44},"end":{"line":16,"column":97}},{"start":{"line":16,"column":100},"end":{"line":16,"column":111}}],"line":16}},"s":{"0":4,"1":4,"2":1},"f":{"0":4,"1":1},"b":{"0":[2,2]},"_coverageSchema":"1a1c01bbd47fc00a2c39e90264f33305004495a9","hash":"5a84664fe46c98acce712fa3bb78ce8954da33fb"}
,"/Users/yulia/Documents/take-home-assignments/mytheresa/Frontend_UI_Challenge/src/components/ItemList/ItemList.jsx": {"path":"/Users/yulia/Documents/take-home-assignments/mytheresa/Frontend_UI_Challenge/src/components/ItemList/ItemList.jsx","statementMap":{"0":{"start":{"line":6,"column":4},"end":{"line":16,"column":6}},"1":{"start":{"line":12,"column":20},"end":{"line":12,"column":81}}},"fnMap":{"0":{"name":"ItemList","decl":{"start":{"line":5,"column":24},"end":{"line":5,"column":32}},"loc":{"start":{"line":5,"column":53},"end":{"line":17,"column":1}},"line":5},"1":{"name":"(anonymous_1)","decl":{"start":{"line":11,"column":27},"end":{"line":11,"column":28}},"loc":{"start":{"line":12,"column":20},"end":{"line":12,"column":81}},"line":12}},"branchMap":{"0":{"loc":{"start":{"line":8,"column":13},"end":{"line":14,"column":13}},"type":"cond-expr","locations":[{"start":{"line":9,"column":16},"end":{"line":9,"column":57}},{"start":{"line":11,"column":16},"end":{"line":13,"column":18}}],"line":8}},"s":{"0":10,"1":0},"f":{"0":10,"1":0},"b":{"0":[4,6]},"_coverageSchema":"1a1c01bbd47fc00a2c39e90264f33305004495a9","hash":"10f59561804244fd6423857165934e95dc968a9b"}
,"/Users/yulia/Documents/take-home-assignments/mytheresa/Frontend_UI_Challenge/src/components/WishlistOverlay/WishlistOverlay.jsx": {"path":"/Users/yulia/Documents/take-home-assignments/mytheresa/Frontend_UI_Challenge/src/components/WishlistOverlay/WishlistOverlay.jsx","statementMap":{"0":{"start":{"line":9,"column":44},"end":{"line":9,"column":61}},"1":{"start":{"line":11,"column":4},"end":{"line":30,"column":6}},"2":{"start":{"line":17,"column":33},"end":{"line":17,"column":57}},"3":{"start":{"line":25,"column":24},"end":{"line":25,"column":65}}},"fnMap":{"0":{"name":"WishlistOverlay","decl":{"start":{"line":7,"column":24},"end":{"line":7,"column":39}},"loc":{"start":{"line":7,"column":42},"end":{"line":31,"column":1}},"line":7},"1":{"name":"(anonymous_1)","decl":{"start":{"line":17,"column":29},"end":{"line":17,"column":30}},"loc":{"start":{"line":17,"column":33},"end":{"line":17,"column":57}},"line":17},"2":{"name":"(anonymous_2)","decl":{"start":{"line":24,"column":33},"end":{"line":24,"column":34}},"loc":{"start":{"line":25,"column":24},"end":{"line":25,"column":65}},"line":25}},"branchMap":{"0":{"loc":{"start":{"line":21,"column":17},"end":{"line":27,"column":17}},"type":"cond-expr","locations":[{"start":{"line":22,"column":20},"end":{"line":22,"column":67}},{"start":{"line":24,"column":20},"end":{"line":26,"column":22}}],"line":21}},"s":{"0":5,"1":5,"2":1,"3":2},"f":{"0":5,"1":1,"2":2},"b":{"0":[4,1]},"_coverageSchema":"1a1c01bbd47fc00a2c39e90264f33305004495a9","hash":"03c8b1d073934226424ba7e57ed2bb1d3516bb93"}
,"/Users/yulia/Documents/take-home-assignments/mytheresa/Frontend_UI_Challenge/src/contexts/MovieContext.jsx": {"path":"/Users/yulia/Documents/take-home-assignments/mytheresa/Frontend_UI_Challenge/src/contexts/MovieContext.jsx","statementMap":{"0":{"start":{"line":4,"column":28},"end":{"line":4,"column":47}},"1":{"start":{"line":6,"column":29},"end":{"line":38,"column":1}},"2":{"start":{"line":7,"column":46},"end":{"line":7,"column":58}},"3":{"start":{"line":8,"column":48},"end":{"line":8,"column":60}},"4":{"start":{"line":9,"column":48},"end":{"line":9,"column":60}},"5":{"start":{"line":10,"column":48},"end":{"line":10,"column":63}},"6":{"start":{"line":11,"column":36},"end":{"line":11,"column":48}},"7":{"start":{"line":12,"column":36},"end":{"line":12,"column":46}},"8":{"start":{"line":14,"column":4},"end":{"line":31,"column":11}},"9":{"start":{"line":15,"column":28},"end":{"line":29,"column":9}},"10":{"start":{"line":16,"column":12},"end":{"line":28,"column":13}},"11":{"start":{"line":17,"column":54},"end":{"line":21,"column":18}},"12":{"start":{"line":23,"column":16},"end":{"line":23,"column":50}},"13":{"start":{"line":24,"column":16},"end":{"line":24,"column":52}},"14":{"start":{"line":25,"column":16},"end":{"line":25,"column":52}},"15":{"start":{"line":27,"column":16},"end":{"line":27,"column":35}},"16":{"start":{"line":30,"column":8},"end":{"line":30,"column":22}},"17":{"start":{"line":33,"column":4},"end":{"line":37,"column":6}},"18":{"start":{"line":41,"column":20},"end":{"line":41,"column":44}},"19":{"start":{"line":42,"column":4},"end":{"line":44,"column":5}},"20":{"start":{"line":43,"column":8},"end":{"line":43,"column":84}},"21":{"start":{"line":45,"column":4},"end":{"line":45,"column":19}}},"fnMap":{"0":{"name":"(anonymous_0)","decl":{"start":{"line":6,"column":29},"end":{"line":6,"column":30}},"loc":{"start":{"line":6,"column":45},"end":{"line":38,"column":1}},"line":6},"1":{"name":"(anonymous_1)","decl":{"start":{"line":14,"column":15},"end":{"line":14,"column":16}},"loc":{"start":{"line":14,"column":21},"end":{"line":31,"column":5}},"line":14},"2":{"name":"(anonymous_2)","decl":{"start":{"line":15,"column":28},"end":{"line":15,"column":29}},"loc":{"start":{"line":15,"column":40},"end":{"line":29,"column":9}},"line":15},"3":{"name":"useMovieContext","decl":{"start":{"line":40,"column":16},"end":{"line":40,"column":31}},"loc":{"start":{"line":40,"column":34},"end":{"line":46,"column":1}},"line":40}},"branchMap":{"0":{"loc":{"start":{"line":42,"column":4},"end":{"line":44,"column":5}},"type":"if","locations":[{"start":{"line":42,"column":4},"end":{"line":44,"column":5}},{"start":{},"end":{}}],"line":42}},"s":{"0":7,"1":7,"2":10,"3":10,"4":10,"5":10,"6":10,"7":10,"8":10,"9":10,"10":10,"11":10,"12":0,"13":0,"14":0,"15":10,"16":10,"17":10,"18":23,"19":23,"20":0,"21":23},"f":{"0":10,"1":10,"2":10,"3":23},"b":{"0":[0,23]},"_coverageSchema":"1a1c01bbd47fc00a2c39e90264f33305004495a9","hash":"29de3cc63b7285ed357b77b67af1ca08692a2cd0"}
,"/Users/yulia/Documents/take-home-assignments/mytheresa/Frontend_UI_Challenge/src/pages/Detailed/Detailed.jsx": {"path":"/Users/yulia/Documents/take-home-assignments/mytheresa/Frontend_UI_Challenge/src/pages/Detailed/Detailed.jsx","statementMap":{"0":{"start":{"line":8,"column":21},"end":{"line":8,"column":34}},"1":{"start":{"line":9,"column":18},"end":{"line":9,"column":39}},"2":{"start":{"line":10,"column":48},"end":{"line":10,"column":65}},"3":{"start":{"line":12,"column":4},"end":{"line":18,"column":5}},"4":{"start":{"line":13,"column":8},"end":{"line":17,"column":10}},"5":{"start":{"line":20,"column":27},"end":{"line":24,"column":5}},"6":{"start":{"line":21,"column":8},"end":{"line":23,"column":9}},"7":{"start":{"line":22,"column":12},"end":{"line":22,"column":46}},"8":{"start":{"line":26,"column":30},"end":{"line":28,"column":5}},"9":{"start":{"line":27,"column":8},"end":{"line":27,"column":66}},"10":{"start":{"line":27,"column":44},"end":{"line":27,"column":64}},"11":{"start":{"line":30,"column":25},"end":{"line":38,"column":5}},"12":{"start":{"line":31,"column":8},"end":{"line":37,"column":9}},"13":{"start":{"line":32,"column":12},"end":{"line":32,"column":29}},"14":{"start":{"line":33,"column":15},"end":{"line":37,"column":9}},"15":{"start":{"line":34,"column":12},"end":{"line":34,"column":30}},"16":{"start":{"line":35,"column":15},"end":{"line":37,"column":9}},"17":{"start":{"line":36,"column":12},"end":{"line":36,"column":30}},"18":{"start":{"line":40,"column":4},"end":{"line":67,"column":6}}},"fnMap":{"0":{"name":"Detailed","decl":{"start":{"line":7,"column":24},"end":{"line":7,"column":32}},"loc":{"start":{"line":7,"column":35},"end":{"line":68,"column":1}},"line":7},"1":{"name":"(anonymous_1)","decl":{"start":{"line":20,"column":27},"end":{"line":20,"column":28}},"loc":{"start":{"line":20,"column":33},"end":{"line":24,"column":5}},"line":20},"2":{"name":"(anonymous_2)","decl":{"start":{"line":26,"column":30},"end":{"line":26,"column":31}},"loc":{"start":{"line":26,"column":36},"end":{"line":28,"column":5}},"line":26},"3":{"name":"(anonymous_3)","decl":{"start":{"line":27,"column":36},"end":{"line":27,"column":37}},"loc":{"start":{"line":27,"column":44},"end":{"line":27,"column":64}},"line":27},"4":{"name":"(anonymous_4)","decl":{"start":{"line":30,"column":25},"end":{"line":30,"column":26}},"loc":{"start":{"line":30,"column":31},"end":{"line":38,"column":5}},"line":30}},"branchMap":{"0":{"loc":{"start":{"line":12,"column":4},"end":{"line":18,"column":5}},"type":"if","locations":[{"start":{"line":12,"column":4},"end":{"line":18,"column":5}},{"start":{},"end":{}}],"line":12},"1":{"loc":{"start":{"line":21,"column":8},"end":{"line":23,"column":9}},"type":"if","locations":[{"start":{"line":21,"column":8},"end":{"line":23,"column":9}},{"start":{},"end":{}}],"line":21},"2":{"loc":{"start":{"line":31,"column":8},"end":{"line":37,"column":9}},"type":"if","locations":[{"start":{"line":31,"column":8},"end":{"line":37,"column":9}},{"start":{"line":33,"column":15},"end":{"line":37,"column":9}}],"line":31},"3":{"loc":{"start":{"line":33,"column":15},"end":{"line":37,"column":9}},"type":"if","locations":[{"start":{"line":33,"column":15},"end":{"line":37,"column":9}},{"start":{"line":35,"column":15},"end":{"line":37,"column":9}}],"line":33},"4":{"loc":{"start":{"line":35,"column":15},"end":{"line":37,"column":9}},"type":"if","locations":[{"start":{"line":35,"column":15},"end":{"line":37,"column":9}},{"start":{},"end":{}}],"line":35},"5":{"loc":{"start":{"line":46,"column":28},"end":{"line":46,"column":115}},"type":"cond-expr","locations":[{"start":{"line":46,"column":48},"end":{"line":46,"column":101}},{"start":{"line":46,"column":104},"end":{"line":46,"column":115}}],"line":46},"6":{"loc":{"start":{"line":52,"column":21},"end":{"line":56,"column":21}},"type":"cond-expr","locations":[{"start":{"line":53,"column":24},"end":{"line":53,"column":101}},{"start":{"line":55,"column":24},"end":{"line":55,"column":93}}],"line":52}},"s":{"0":8,"1":8,"2":8,"3":8,"4":0,"5":8,"6":2,"7":2,"8":8,"9":1,"10":1,"11":8,"12":8,"13":8,"14":0,"15":0,"16":0,"17":0,"18":8},"f":{"0":8,"1":2,"2":1,"3":1,"4":8},"b":{"0":[0,8],"1":[2,0],"2":[8,0],"3":[0,0],"4":[0,0],"5":[8,0],"6":[3,5]},"_coverageSchema":"1a1c01bbd47fc00a2c39e90264f33305004495a9","hash":"eca80bcab1b8fa4d74e68a431681f5547906f8ee"}
,"/Users/yulia/Documents/take-home-assignments/mytheresa/Frontend_UI_Challenge/src/pages/Home/Home.jsx": {"path":"/Users/yulia/Documents/take-home-assignments/mytheresa/Frontend_UI_Challenge/src/pages/Home/Home.jsx","statementMap":{"0":{"start":{"line":7,"column":60},"end":{"line":7,"column":77}},"1":{"start":{"line":9,"column":4},"end":{"line":24,"column":6}}},"fnMap":{"0":{"name":"Home","decl":{"start":{"line":6,"column":24},"end":{"line":6,"column":28}},"loc":{"start":{"line":6,"column":31},"end":{"line":25,"column":1}},"line":6}},"branchMap":{},"s":{"0":3,"1":3},"f":{"0":3},"b":{},"_coverageSchema":"1a1c01bbd47fc00a2c39e90264f33305004495a9","hash":"c561b2bd3285bc5d9da76d0e5140b1414350053b"}
,"/Users/yulia/Documents/take-home-assignments/mytheresa/Frontend_UI_Challenge/src/pages/RootLayout/RootLayout.jsx": {"path":"/Users/yulia/Documents/take-home-assignments/mytheresa/Frontend_UI_Challenge/src/pages/RootLayout/RootLayout.jsx","statementMap":{"0":{"start":{"line":9,"column":30},"end":{"line":9,"column":47}},"1":{"start":{"line":11,"column":4},"end":{"line":17,"column":6}}},"fnMap":{"0":{"name":"RootLayout","decl":{"start":{"line":7,"column":24},"end":{"line":7,"column":34}},"loc":{"start":{"line":7,"column":37},"end":{"line":18,"column":1}},"line":7}},"branchMap":{"0":{"loc":{"start":{"line":15,"column":13},"end":{"line":15,"column":50}},"type":"binary-expr","locations":[{"start":{"line":15,"column":13},"end":{"line":15,"column":27}},{"start":{"line":15,"column":31},"end":{"line":15,"column":50}}],"line":15}},"s":{"0":10,"1":10},"f":{"0":10},"b":{"0":[10,1]},"_coverageSchema":"1a1c01bbd47fc00a2c39e90264f33305004495a9","hash":"704522123fb62ed4db9fafac25be14df472af0bb"}
,"/Users/yulia/Documents/take-home-assignments/mytheresa/Frontend_UI_Challenge/src/services/api.js": {"path":"/Users/yulia/Documents/take-home-assignments/mytheresa/Frontend_UI_Challenge/src/services/api.js","statementMap":{"0":{"start":{"line":6,"column":22},"end":{"line":6,"column":54}},"1":{"start":{"line":8,"column":24},"end":{"line":8,"column":60}},"2":{"start":{"line":10,"column":32},"end":{"line":10,"column":72}},"3":{"start":{"line":10,"column":38},"end":{"line":10,"column":72}},"4":{"start":{"line":11,"column":33},"end":{"line":11,"column":75}},"5":{"start":{"line":11,"column":39},"end":{"line":11,"column":75}},"6":{"start":{"line":12,"column":33},"end":{"line":12,"column":74}},"7":{"start":{"line":12,"column":39},"end":{"line":12,"column":74}},"8":{"start":{"line":14,"column":28},"end":{"line":18,"column":1}},"9":{"start":{"line":15,"column":4},"end":{"line":17,"column":40}},"10":{"start":{"line":16,"column":21},"end":{"line":16,"column":31}},"11":{"start":{"line":17,"column":22},"end":{"line":17,"column":38}}},"fnMap":{"0":{"name":"(anonymous_0)","decl":{"start":{"line":10,"column":32},"end":{"line":10,"column":33}},"loc":{"start":{"line":10,"column":38},"end":{"line":10,"column":72}},"line":10},"1":{"name":"(anonymous_1)","decl":{"start":{"line":11,"column":33},"end":{"line":11,"column":34}},"loc":{"start":{"line":11,"column":39},"end":{"line":11,"column":75}},"line":11},"2":{"name":"(anonymous_2)","decl":{"start":{"line":12,"column":33},"end":{"line":12,"column":34}},"loc":{"start":{"line":12,"column":39},"end":{"line":12,"column":74}},"line":12},"3":{"name":"(anonymous_3)","decl":{"start":{"line":14,"column":28},"end":{"line":14,"column":29}},"loc":{"start":{"line":14,"column":37},"end":{"line":18,"column":1}},"line":14},"4":{"name":"(anonymous_4)","decl":{"start":{"line":16,"column":14},"end":{"line":16,"column":15}},"loc":{"start":{"line":16,"column":21},"end":{"line":16,"column":31}},"line":16},"5":{"name":"(anonymous_5)","decl":{"start":{"line":17,"column":15},"end":{"line":17,"column":16}},"loc":{"start":{"line":17,"column":22},"end":{"line":17,"column":38}},"line":17}},"branchMap":{},"s":{"0":6,"1":6,"2":6,"3":3,"4":6,"5":1,"6":6,"7":1,"8":6,"9":5,"10":3,"11":0},"f":{"0":3,"1":1,"2":1,"3":5,"4":3,"5":0},"b":{},"_coverageSchema":"1a1c01bbd47fc00a2c39e90264f33305004495a9","hash":"729634f8f8c070d17b59132f87f85f2de8fd4ae5"}
,"/Users/yulia/Documents/take-home-assignments/mytheresa/Frontend_UI_Challenge/src/tests/mocks/fileMock.js": {"path":"/Users/yulia/Documents/take-home-assignments/mytheresa/Frontend_UI_Challenge/src/tests/mocks/fileMock.js","statementMap":{"0":{"start":{"line":1,"column":0},"end":{"line":1,"column":34}}},"fnMap":{},"branchMap":{},"s":{"0":6},"f":{},"b":{},"_coverageSchema":"1a1c01bbd47fc00a2c39e90264f33305004495a9","hash":"66f7f039c34368687340b5b4b778ce44cf50b814"}
,"/Users/yulia/Documents/take-home-assignments/mytheresa/Frontend_UI_Challenge/src/tests/mocks/index.js": {"path":"/Users/yulia/Documents/take-home-assignments/mytheresa/Frontend_UI_Challenge/src/tests/mocks/index.js","statementMap":{"0":{"start":{"line":5,"column":21},"end":{"line":10,"column":1}}},"fnMap":{},"branchMap":{},"s":{"0":2},"f":{},"b":{},"_coverageSchema":"1a1c01bbd47fc00a2c39e90264f33305004495a9","hash":"266a44960fd73e35267176804c9216c47bd148a5"}
,"/Users/yulia/Documents/take-home-assignments/mytheresa/Frontend_UI_Challenge/src/tests/mocks/mockProviders.js": {"path":"/Users/yulia/Documents/take-home-assignments/mytheresa/Frontend_UI_Challenge/src/tests/mocks/mockProviders.js","statementMap":{"0":{"start":{"line":4,"column":31},"end":{"line":4,"column":40}},"1":{"start":{"line":6,"column":35},"end":{"line":24,"column":1}},"2":{"start":{"line":7,"column":4},"end":{"line":23,"column":6}}},"fnMap":{"0":{"name":"(anonymous_0)","decl":{"start":{"line":6,"column":35},"end":{"line":6,"column":36}},"loc":{"start":{"line":6,"column":68},"end":{"line":24,"column":1}},"line":6}},"branchMap":{"0":{"loc":{"start":{"line":6,"column":48},"end":{"line":6,"column":61}},"type":"default-arg","locations":[{"start":{"line":6,"column":59},"end":{"line":6,"column":61}}],"line":6}},"s":{"0":3,"1":3,"2":7},"f":{"0":7},"b":{"0":[3]},"_coverageSchema":"1a1c01bbd47fc00a2c39e90264f33305004495a9","hash":"c7bb5306341dd65b1d662d5f12c191e3033742cd"}
,"/Users/yulia/Documents/take-home-assignments/mytheresa/Frontend_UI_Challenge/src/tests/mocks/popularMoviesData.js": {"path":"/Users/yulia/Documents/take-home-assignments/mytheresa/Frontend_UI_Challenge/src/tests/mocks/popularMoviesData.js","statementMap":{"0":{"start":{"line":1,"column":33},"end":{"line":22,"column":1}}},"fnMap":{},"branchMap":{},"s":{"0":3},"f":{},"b":{},"_coverageSchema":"1a1c01bbd47fc00a2c39e90264f33305004495a9","hash":"68faac7284d8ad4e56fc4eef60b5778a3c65929e"}
,"/Users/yulia/Documents/take-home-assignments/mytheresa/Frontend_UI_Challenge/src/tests/mocks/styleMock.js": {"path":"/Users/yulia/Documents/take-home-assignments/mytheresa/Frontend_UI_Challenge/src/tests/mocks/styleMock.js","statementMap":{"0":{"start":{"line":1,"column":0},"end":{"line":1,"column":20}}},"fnMap":{},"branchMap":{},"s":{"0":9},"f":{},"b":{},"_coverageSchema":"1a1c01bbd47fc00a2c39e90264f33305004495a9","hash":"90938997bfc79d89ae22d11ec69f4eb785d243da"}
,"/Users/yulia/Documents/take-home-assignments/mytheresa/Frontend_UI_Challenge/src/tests/mocks/topRatedMoviesData.js": {"path":"/Users/yulia/Documents/take-home-assignments/mytheresa/Frontend_UI_Challenge/src/tests/mocks/topRatedMoviesData.js","statementMap":{"0":{"start":{"line":1,"column":34},"end":{"line":21,"column":1}}},"fnMap":{},"branchMap":{},"s":{"0":3},"f":{},"b":{},"_coverageSchema":"1a1c01bbd47fc00a2c39e90264f33305004495a9","hash":"97eb6224b014e22c438ee697eeb81431e97fb298"}
,"/Users/yulia/Documents/take-home-assignments/mytheresa/Frontend_UI_Challenge/src/tests/mocks/upcomingMoviesData.js": {"path":"/Users/yulia/Documents/take-home-assignments/mytheresa/Frontend_UI_Challenge/src/tests/mocks/upcomingMoviesData.js","statementMap":{"0":{"start":{"line":1,"column":34},"end":{"line":22,"column":1}}},"fnMap":{},"branchMap":{},"s":{"0":3},"f":{},"b":{},"_coverageSchema":"1a1c01bbd47fc00a2c39e90264f33305004495a9","hash":"9d6d69d6389da224c4bf7f733b00108d1fdb1e51"}
}
