TN:
SF:src/App.jsx
FN:26,(anonymous_0)
FNF:1
FNH:1
FNDA:2,(anonymous_0)
DA:9,1
DA:26,1
DA:28,2
LF:3
LH:3
BRF:0
BRH:0
end_of_record
TN:
SF:src/components/CustomButton/CustomButton.jsx
FN:4,CustomButton
FNF:1
FNH:1
FNDA:25,CustomButton
DA:5,25
LF:1
LH:1
BRF:0
BRH:0
end_of_record
TN:
SF:src/components/Header/Header.jsx
FN:7,Header
FN:13,(anonymous_1)
FN:16,(anonymous_2)
FNF:3
FNH:3
FNDA:13,Header
FNDA:2,(anonymous_1)
FNDA:2,(anonymous_2)
DA:9,13
DA:11,13
DA:13,2
DA:16,2
LF:4
LH:4
BRF:0
BRH:0
end_of_record
TN:
SF:src/components/ItemCard/ItemCard.jsx
FN:7,ItemCard
FN:13,(anonymous_1)
FNF:2
FNH:2
FNDA:4,ItemCard
FNDA:1,(anonymous_1)
DA:9,4
DA:11,4
DA:13,1
LF:3
LH:3
BRDA:16,0,0,2
BRDA:16,0,1,2
BRF:2
BRH:2
end_of_record
TN:
SF:src/components/ItemList/ItemList.jsx
FN:5,ItemList
FN:11,(anonymous_1)
FNF:2
FNH:1
FNDA:10,ItemList
FNDA:0,(anonymous_1)
DA:6,10
DA:12,0
LF:2
LH:1
BRDA:8,0,0,4
BRDA:8,0,1,6
BRF:2
BRH:2
end_of_record
TN:
SF:src/components/WishlistOverlay/WishlistOverlay.jsx
FN:7,WishlistOverlay
FN:17,(anonymous_1)
FN:24,(anonymous_2)
FNF:3
FNH:3
FNDA:5,WishlistOverlay
FNDA:1,(anonymous_1)
FNDA:2,(anonymous_2)
DA:9,5
DA:11,5
DA:17,1
DA:25,2
LF:4
LH:4
BRDA:21,0,0,4
BRDA:21,0,1,1
BRF:2
BRH:2
end_of_record
TN:
SF:src/contexts/MovieContext.jsx
FN:6,(anonymous_0)
FN:14,(anonymous_1)
FN:15,(anonymous_2)
FN:40,useMovieContext
FNF:4
FNH:4
FNDA:10,(anonymous_0)
FNDA:10,(anonymous_1)
FNDA:10,(anonymous_2)
FNDA:23,useMovieContext
DA:4,7
DA:6,7
DA:7,10
DA:8,10
DA:9,10
DA:10,10
DA:11,10
DA:12,10
DA:14,10
DA:15,10
DA:16,10
DA:17,10
DA:23,0
DA:24,0
DA:25,0
DA:27,10
DA:30,10
DA:33,10
DA:41,23
DA:42,23
DA:43,0
DA:45,23
LF:22
LH:18
BRDA:42,0,0,0
BRDA:42,0,1,23
BRF:2
BRH:1
end_of_record
TN:
SF:src/pages/Detailed/Detailed.jsx
FN:7,Detailed
FN:20,(anonymous_1)
FN:26,(anonymous_2)
FN:27,(anonymous_3)
FN:30,(anonymous_4)
FNF:5
FNH:5
FNDA:8,Detailed
FNDA:2,(anonymous_1)
FNDA:1,(anonymous_2)
FNDA:1,(anonymous_3)
FNDA:8,(anonymous_4)
DA:8,8
DA:9,8
DA:10,8
DA:12,8
DA:13,0
DA:20,8
DA:21,2
DA:22,2
DA:26,8
DA:27,1
DA:30,8
DA:31,8
DA:32,8
DA:33,0
DA:34,0
DA:35,0
DA:36,0
DA:40,8
LF:18
LH:13
BRDA:12,0,0,0
BRDA:12,0,1,8
BRDA:21,1,0,2
BRDA:21,1,1,0
BRDA:31,2,0,8
BRDA:31,2,1,0
BRDA:33,3,0,0
BRDA:33,3,1,0
BRDA:35,4,0,0
BRDA:35,4,1,0
BRDA:46,5,0,8
BRDA:46,5,1,0
BRDA:52,6,0,3
BRDA:52,6,1,5
BRF:14
BRH:6
end_of_record
TN:
SF:src/pages/Home/Home.jsx
FN:6,Home
FNF:1
FNH:1
FNDA:3,Home
DA:7,3
DA:9,3
LF:2
LH:2
BRF:0
BRH:0
end_of_record
TN:
SF:src/pages/RootLayout/RootLayout.jsx
FN:7,RootLayout
FNF:1
FNH:1
FNDA:10,RootLayout
DA:9,10
DA:11,10
LF:2
LH:2
BRDA:15,0,0,10
BRDA:15,0,1,1
BRF:2
BRH:2
end_of_record
TN:
SF:src/services/api.js
FN:10,(anonymous_0)
FN:11,(anonymous_1)
FN:12,(anonymous_2)
FN:14,(anonymous_3)
FN:16,(anonymous_4)
FN:17,(anonymous_5)
FNF:6
FNH:5
FNDA:3,(anonymous_0)
FNDA:1,(anonymous_1)
FNDA:1,(anonymous_2)
FNDA:5,(anonymous_3)
FNDA:3,(anonymous_4)
FNDA:0,(anonymous_5)
DA:6,6
DA:8,6
DA:10,6
DA:11,6
DA:12,6
DA:14,6
DA:15,5
DA:16,3
DA:17,0
LF:9
LH:8
BRF:0
BRH:0
end_of_record
TN:
SF:src/tests/mocks/fileMock.js
FNF:0
FNH:0
DA:1,6
LF:1
LH:1
BRF:0
BRH:0
end_of_record
TN:
SF:src/tests/mocks/index.js
FNF:0
FNH:0
DA:5,2
LF:1
LH:1
BRF:0
BRH:0
end_of_record
TN:
SF:src/tests/mocks/mockProviders.js
FN:6,(anonymous_0)
FNF:1
FNH:1
FNDA:7,(anonymous_0)
DA:4,3
DA:6,3
DA:7,7
LF:3
LH:3
BRDA:6,0,0,3
BRF:1
BRH:1
end_of_record
TN:
SF:src/tests/mocks/popularMoviesData.js
FNF:0
FNH:0
DA:1,3
LF:1
LH:1
BRF:0
BRH:0
end_of_record
TN:
SF:src/tests/mocks/styleMock.js
FNF:0
FNH:0
DA:1,9
LF:1
LH:1
BRF:0
BRH:0
end_of_record
TN:
SF:src/tests/mocks/topRatedMoviesData.js
FNF:0
FNH:0
DA:1,3
LF:1
LH:1
BRF:0
BRH:0
end_of_record
TN:
SF:src/tests/mocks/upcomingMoviesData.js
FNF:0
FNH:0
DA:1,3
LF:1
LH:1
BRF:0
BRH:0
end_of_record
